# JRE version: 7.0_25-b16
# Java VM: Java HotSpot(TM) 64-Bit Server VM (23.25-b01 mixed mode windows-amd64 compressed oops)
Heap
 PSYoungGen      total 37632K, used 35518K [0x00000007d60b0000, 0x00000007daa30000, 0x0000000800000000)
  eden space 32320K, 93% used [0x00000007d60b0000,0x00000007d7e31f28,0x00000007d8040000)
  from space 5312K, 99% used [0x00000007d8570000,0x00000007d8a9d930,0x00000007d8aa0000)
  to   space 5312K, 0% used [0x00000007d8040000,0x00000007d8040000,0x00000007d8570000)
 ParOldGen       total 85952K, used 20980K [0x0000000782200000, 0x00000007875f0000, 0x00000007d60b0000)
  object space 85952K, 24% used [0x0000000782200000,0x000000078367d0a0,0x00000007875f0000)
 PSPermGen       total 21248K, used 21024K [0x000000077d000000, 0x000000077e4c0000, 0x0000000782200000)
  object space 21248K, 98% used [0x000000077d000000,0x000000077e488250,0x000000077e4c0000)
GC Heap History (4 events):
Event: 2.365 GC heap before
{Heap before GC invocations=1 (full 0):
 PSYoungGen      total 37632K, used 32320K [0x00000007d60b0000, 0x00000007d8aa0000, 0x0000000800000000)
  eden space 32320K, 100% used [0x00000007d60b0000,0x00000007d8040000,0x00000007d8040000)
  from space 5312K, 0% used [0x00000007d8570000,0x00000007d8570000,0x00000007d8aa0000)
  to   space 5312K, 0% used [0x00000007d8040000,0x00000007d8040000,0x00000007d8570000)
 ParOldGen       total 85952K, used 0K [0x0000000782200000, 0x00000007875f0000, 0x00000007d60b0000)
  object space 85952K, 0% used [0x0000000782200000,0x0000000782200000,0x00000007875f0000)
 PSPermGen       total 21248K, used 16359K [0x000000077d000000, 0x000000077e4c0000, 0x0000000782200000)
  object space 21248K, 76% used [0x000000077d000000,0x000000077dff9f50,0x000000077e4c0000)
Event: 2.376 GC heap after
Heap after GC invocations=1 (full 0):
 PSYoungGen      total 37632K, used 5159K [0x00000007d60b0000, 0x00000007d8aa0000, 0x0000000800000000)
  eden space 32320K, 0% used [0x00000007d60b0000,0x00000007d60b0000,0x00000007d8040000)
  from space 5312K, 97% used [0x00000007d8040000,0x00000007d8549ec0,0x00000007d8570000)
  to   space 5312K, 0% used [0x00000007d8570000,0x00000007d8570000,0x00000007d8aa0000)
 ParOldGen       total 85952K, used 8K [0x0000000782200000, 0x00000007875f0000, 0x00000007d60b0000)
  object space 85952K, 0% used [0x0000000782200000,0x0000000782202000,0x00000007875f0000)
 PSPermGen       total 21248K, used 16359K [0x000000077d000000, 0x000000077e4c0000, 0x0000000782200000)
  object space 21248K, 76% used [0x000000077d000000,0x000000077dff9f50,0x000000077e4c0000)
}
Event: 2.601 GC heap before
{Heap before GC invocations=2 (full 0):
 PSYoungGen      total 37632K, used 36056K [0x00000007d60b0000, 0x00000007d8aa0000, 0x0000000800000000)
  eden space 32320K, 95% used [0x00000007d60b0000,0x00000007d7edc4a0,0x00000007d8040000)
  from space 5312K, 97% used [0x00000007d8040000,0x00000007d8549ec0,0x00000007d8570000)
  to   space 5312K, 0% used [0x00000007d8570000,0x00000007d8570000,0x00000007d8aa0000)
 ParOldGen       total 85952K, used 8K [0x0000000782200000, 0x00000007875f0000, 0x00000007d60b0000)
  object space 85952K, 0% used [0x0000000782200000,0x0000000782202000,0x00000007875f0000)
 PSPermGen       total 21248K, used 18589K [0x000000077d000000, 0x000000077e4c0000, 0x0000000782200000)
  object space 21248K, 87% used [0x000000077d000000,0x000000077e227798,0x000000077e4c0000)
Event: 2.614 GC heap after
Heap after GC invocations=2 (full 0):
 PSYoungGen      total 37632K, used 5302K [0x00000007d60b0000, 0x00000007daa30000, 0x0000000800000000)
  eden space 32320K, 0% used [0x00000007d60b0000,0x00000007d60b0000,0x00000007d8040000)
  from space 5312K, 99% used [0x00000007d8570000,0x00000007d8a9d930,0x00000007d8aa0000)
  to   space 5312K, 0% used [0x00000007d8040000,0x00000007d8040000,0x00000007d8570000)
 ParOldGen       total 85952K, used 20980K [0x0000000782200000, 0x00000007875f0000, 0x00000007d60b0000)
  object space 85952K, 24% used [0x0000000782200000,0x000000078367d0a0,0x00000007875f0000)
 PSPermGen       total 21248K, used 18589K [0x000000077d000000, 0x000000077e4c0000, 0x0000000782200000)
  object space 21248K, 87% used [0x000000077d000000,0x000000077e227798,0x000000077e4c0000)
}

